<?xml version="1.0" encoding="UTF-8"?>
<testsuite name="com.bridgelabz.NodeTest" tests="1" skipped="0" failures="0" errors="0" timestamp="2021-05-01T11:07:32" hostname="SHALINI" time="0.165">
  <properties/>
  <testcase name="Given3Numbers_WhenAdded_ToLinkedListShould_BeAddedOnTop()" classname="com.bridgelabz.NodeTest" time="0.165"/>
  <system-out><![CDATA[My Nodes: 56-->30-->70
]]></system-out>
  <system-err><![CDATA[]]></system-err>
</testsuite>
