<?xml version="1.0" encoding="UTF-8"?>
<testsuite name="com.bridgelabz.LinkedListTest" tests="1" skipped="0" failures="0" errors="0" timestamp="2021-05-01T16:44:03" hostname="SHALINI" time="0.065">
  <properties/>
  <testcase name="Given3Numbers_WhenDeleted_LastNumber_ToLinkedListShould_Become2_Numbers()" classname="com.bridgelabz.LinkedListTest" time="0.065"/>
  <system-out><![CDATA[My Nodes: 56-->3070
]]></system-out>
  <system-err><![CDATA[]]></system-err>
</testsuite>
