<?xml version="1.0" encoding="UTF-8"?>
<testsuite name="com.bridgelabz.LinkedListTest" tests="1" skipped="0" failures="0" errors="0" timestamp="2021-05-01T17:19:53" hostname="SHALINI" time="0.07">
  <properties/>
  <testcase name="Given3Numbers_WhenDeleted_ToLinkedListShould_Become2_Numbers()" classname="com.bridgelabz.LinkedListTest" time="0.07"/>
  <system-out><![CDATA[My Nodes: 30-->70
]]></system-out>
  <system-err><![CDATA[]]></system-err>
</testsuite>
